2026-06-12 12:44:52.797 [main] INFO  Freerouting v1.9.0 (build-date: 2023-10-30)
2026-06-12 12:44:53.874 [main] INFO  Opening '/tmp/reva.dsn'...
2026-06-12 12:44:54.399 [ForkJoinPool.commonPool-worker-1] INFO  New version available: v2.2.4
2026-06-12 12:45:22.376 [Thread-22] INFO  Starting auto-routing...
2026-06-12 13:01:46.967 [Thread-22] INFO  Auto-routing was completed in 16 minute(s) 24.54 seconds.
2026-06-12 13:01:47.123 [Thread-22] INFO  Starting route optimization on 1 thread...
2026-06-12 13:09:32.437 [Thread-22] INFO  Route optimization was completed in 7 minute(s) 45.31 seconds.
2026-06-12 13:09:33.818 [Thread-22] INFO  Saving '/tmp/reva.ses'...
2026-06-12 13:12:20.959 [main] INFO  Freerouting v1.9.0 (build-date: 2023-10-30)
2026-06-12 13:12:21.043 [main] INFO  Settings were loaded from freerouting.json
2026-06-12 13:12:22.065 [main] INFO  Opening '/tmp/reva2.dsn'...
2026-06-12 13:12:22.669 [ForkJoinPool.commonPool-worker-1] INFO  New version available: v2.2.4
2026-06-12 13:13:06.431 [Thread-22] INFO  Starting auto-routing...
2026-06-12 13:15:38.276 [Thread-22] INFO  Auto-routing was completed in 2 minute(s) 31.83 seconds.
2026-06-12 13:15:38.390 [Thread-22] INFO  Starting route optimization on 1 thread...
2026-06-12 13:15:42.340 [Thread-22] INFO  Route optimization was completed in 3.95 seconds.
2026-06-12 13:15:42.452 [Thread-22] INFO  Saving '/tmp/reva2.ses'...
2026-06-12 13:19:19.131 [main] INFO  Freerouting v1.9.0 (build-date: 2023-10-30)
2026-06-12 13:19:19.220 [main] INFO  Settings were loaded from freerouting.json
2026-06-12 13:19:20.238 [main] INFO  Opening '/tmp/reva3.dsn'...
2026-06-12 13:19:20.814 [ForkJoinPool.commonPool-worker-1] INFO  New version available: v2.2.4
2026-06-12 13:29:17.332 [main] INFO  Freerouting v1.9.0 (build-date: 2023-10-30)
2026-06-12 13:29:17.400 [main] INFO  Settings were loaded from freerouting.json
2026-06-12 13:29:18.422 [main] INFO  Opening '/tmp/reva4.dsn'...
2026-06-12 13:29:18.898 [ForkJoinPool.commonPool-worker-1] INFO  New version available: v2.2.4
2026-06-12 13:29:42.411 [Thread-22] INFO  Starting auto-routing...
